0 info it worked if it ends with ok
1 verbose cli [ '/usr/local/bin/node',
1 verbose cli   '/usr/local/bin/npm',
1 verbose cli   'install',
1 verbose cli   'grunt-karma',
1 verbose cli   'karma-ng-html2js-preprocessor',
1 verbose cli   'karma-ng-scenario',
1 verbose cli   '--save-dev' ]
2 info using npm@1.3.15
3 info using node@v0.11.10-pre
4 warn package.json bootstrapping@0.0.0 No description
5 warn package.json bootstrapping@0.0.0 No repository field.
6 warn package.json bootstrapping@0.0.0 No README data
7 verbose readDependencies using package.json deps
8 verbose cache add [ 'grunt-karma', null ]
9 verbose cache add name=undefined spec="grunt-karma" args=["grunt-karma",null]
10 verbose parsed url { protocol: null,
10 verbose parsed url   slashes: null,
10 verbose parsed url   auth: null,
10 verbose parsed url   host: null,
10 verbose parsed url   port: null,
10 verbose parsed url   hostname: null,
10 verbose parsed url   hash: null,
10 verbose parsed url   search: null,
10 verbose parsed url   query: null,
10 verbose parsed url   pathname: 'grunt-karma',
10 verbose parsed url   path: 'grunt-karma',
10 verbose parsed url   href: 'grunt-karma' }
11 verbose cache add [ 'karma-ng-html2js-preprocessor', null ]
12 verbose cache add name=undefined spec="karma-ng-html2js-preprocessor" args=["karma-ng-html2js-preprocessor",null]
13 verbose parsed url { protocol: null,
13 verbose parsed url   slashes: null,
13 verbose parsed url   auth: null,
13 verbose parsed url   host: null,
13 verbose parsed url   port: null,
13 verbose parsed url   hostname: null,
13 verbose parsed url   hash: null,
13 verbose parsed url   search: null,
13 verbose parsed url   query: null,
13 verbose parsed url   pathname: 'karma-ng-html2js-preprocessor',
13 verbose parsed url   path: 'karma-ng-html2js-preprocessor',
13 verbose parsed url   href: 'karma-ng-html2js-preprocessor' }
14 verbose cache add [ 'karma-ng-scenario', null ]
15 verbose cache add name=undefined spec="karma-ng-scenario" args=["karma-ng-scenario",null]
16 verbose parsed url { protocol: null,
16 verbose parsed url   slashes: null,
16 verbose parsed url   auth: null,
16 verbose parsed url   host: null,
16 verbose parsed url   port: null,
16 verbose parsed url   hostname: null,
16 verbose parsed url   hash: null,
16 verbose parsed url   search: null,
16 verbose parsed url   query: null,
16 verbose parsed url   pathname: 'karma-ng-scenario',
16 verbose parsed url   path: 'karma-ng-scenario',
16 verbose parsed url   href: 'karma-ng-scenario' }
17 silly lockFile 707ccff9-grunt-karma grunt-karma
18 verbose lock grunt-karma /home/amit/.npm/707ccff9-grunt-karma.lock
19 silly lockFile 18de6d31-karma-ng-html2js-preprocessor karma-ng-html2js-preprocessor
20 verbose lock karma-ng-html2js-preprocessor /home/amit/.npm/18de6d31-karma-ng-html2js-preprocessor.lock
21 silly lockFile e5bca250-karma-ng-scenario karma-ng-scenario
22 verbose lock karma-ng-scenario /home/amit/.npm/e5bca250-karma-ng-scenario.lock
23 silly lockFile 707ccff9-grunt-karma grunt-karma
24 silly lockFile 707ccff9-grunt-karma grunt-karma
25 silly lockFile 18de6d31-karma-ng-html2js-preprocessor karma-ng-html2js-preprocessor
26 silly lockFile 18de6d31-karma-ng-html2js-preprocessor karma-ng-html2js-preprocessor
27 silly lockFile e5bca250-karma-ng-scenario karma-ng-scenario
28 silly lockFile e5bca250-karma-ng-scenario karma-ng-scenario
29 verbose addNamed [ 'grunt-karma', '' ]
30 verbose addNamed [ null, '*' ]
31 silly lockFile 94531edb-grunt-karma grunt-karma@
32 verbose lock grunt-karma@ /home/amit/.npm/94531edb-grunt-karma.lock
33 verbose addNamed [ 'karma-ng-html2js-preprocessor', '' ]
34 verbose addNamed [ null, '*' ]
35 silly lockFile 9f59274a-karma-ng-html2js-preprocessor karma-ng-html2js-preprocessor@
36 verbose lock karma-ng-html2js-preprocessor@ /home/amit/.npm/9f59274a-karma-ng-html2js-preprocessor.lock
37 verbose addNamed [ 'karma-ng-scenario', '' ]
38 verbose addNamed [ null, '*' ]
39 silly lockFile 4f100e2f-karma-ng-scenario karma-ng-scenario@
40 verbose lock karma-ng-scenario@ /home/amit/.npm/4f100e2f-karma-ng-scenario.lock
41 silly addNameRange { name: 'grunt-karma', range: '*', hasData: false }
42 silly addNameRange { name: 'karma-ng-html2js-preprocessor',
42 silly addNameRange   range: '*',
42 silly addNameRange   hasData: false }
43 silly addNameRange { name: 'karma-ng-scenario', range: '*', hasData: false }
44 verbose url raw grunt-karma
45 verbose url resolving [ 'https://registry.npmjs.org/', './grunt-karma' ]
46 verbose url resolved https://registry.npmjs.org/grunt-karma
47 info trying registry request attempt 1 at 15:35:34
48 verbose etag "4IDSNH94K9D5W04PZT3ZUI688"
49 http GET https://registry.npmjs.org/grunt-karma
50 verbose url raw karma-ng-html2js-preprocessor
51 verbose url resolving [ 'https://registry.npmjs.org/',
51 verbose url resolving   './karma-ng-html2js-preprocessor' ]
52 verbose url resolved https://registry.npmjs.org/karma-ng-html2js-preprocessor
53 info trying registry request attempt 1 at 15:35:34
54 verbose etag "7TTFPL81JAUZYFHBI14YF0MGG"
55 http GET https://registry.npmjs.org/karma-ng-html2js-preprocessor
56 verbose url raw karma-ng-scenario
57 verbose url resolving [ 'https://registry.npmjs.org/', './karma-ng-scenario' ]
58 verbose url resolved https://registry.npmjs.org/karma-ng-scenario
59 info trying registry request attempt 1 at 15:35:34
60 verbose etag "4048I3GJG6E4C4QASURGJA4FQ"
61 http GET https://registry.npmjs.org/karma-ng-scenario
62 http 304 https://registry.npmjs.org/grunt-karma
63 silly registry.get cb [ 304,
63 silly registry.get   { server: 'CouchDB/1.5.0 (Erlang OTP/R15B03)',
63 silly registry.get     etag: '"4IDSNH94K9D5W04PZT3ZUI688"',
63 silly registry.get     date: 'Fri, 20 Dec 2013 10:05:37 GMT',
63 silly registry.get     'content-length': '0' } ]
64 verbose etag grunt-karma from cache
65 silly addNameRange number 2 { name: 'grunt-karma', range: '*', hasData: true }
66 silly addNameRange versions [ 'grunt-karma',
66 silly addNameRange   [ '0.3.0',
66 silly addNameRange     '0.4.0',
66 silly addNameRange     '0.4.1',
66 silly addNameRange     '0.4.2',
66 silly addNameRange     '0.4.3',
66 silly addNameRange     '0.4.4',
66 silly addNameRange     '0.5.0',
66 silly addNameRange     '0.4.5',
66 silly addNameRange     '0.5.1',
66 silly addNameRange     '0.5.2',
66 silly addNameRange     '0.4.6',
66 silly addNameRange     '0.5.3',
66 silly addNameRange     '0.5.4',
66 silly addNameRange     '0.6.0',
66 silly addNameRange     '0.6.1',
66 silly addNameRange     '0.7.0',
66 silly addNameRange     '0.6.2',
66 silly addNameRange     '0.7.1',
66 silly addNameRange     '0.7.2' ] ]
67 verbose addNamed [ 'grunt-karma', '0.6.2' ]
68 verbose addNamed [ '0.6.2', '0.6.2' ]
69 silly lockFile 5237908c-grunt-karma-0-6-2 grunt-karma@0.6.2
70 verbose lock grunt-karma@0.6.2 /home/amit/.npm/5237908c-grunt-karma-0-6-2.lock
71 silly lockFile f5363bd5-runt-karma-grunt-karma-0-6-2-tgz https://registry.npmjs.org/grunt-karma/-/grunt-karma-0.6.2.tgz
72 verbose lock https://registry.npmjs.org/grunt-karma/-/grunt-karma-0.6.2.tgz /home/amit/.npm/f5363bd5-runt-karma-grunt-karma-0-6-2-tgz.lock
73 verbose addRemoteTarball [ 'https://registry.npmjs.org/grunt-karma/-/grunt-karma-0.6.2.tgz',
73 verbose addRemoteTarball   '429b5729f85d10fdd198a2cfb28ba0f63e7a2e9b' ]
74 silly lockFile f5363bd5-runt-karma-grunt-karma-0-6-2-tgz https://registry.npmjs.org/grunt-karma/-/grunt-karma-0.6.2.tgz
75 silly lockFile f5363bd5-runt-karma-grunt-karma-0-6-2-tgz https://registry.npmjs.org/grunt-karma/-/grunt-karma-0.6.2.tgz
76 silly lockFile 5237908c-grunt-karma-0-6-2 grunt-karma@0.6.2
77 silly lockFile 5237908c-grunt-karma-0-6-2 grunt-karma@0.6.2
78 silly lockFile 94531edb-grunt-karma grunt-karma@
79 silly lockFile 94531edb-grunt-karma grunt-karma@
80 error Error: EACCES, mkdir '/home/amit/tmp/npm-7255-T_8G0Sxz'
80 error  { [Error: EACCES, mkdir '/home/amit/tmp/npm-7255-T_8G0Sxz']
80 error   stack: 'Error: EACCES, mkdir \'/home/amit/tmp/npm-7255-T_8G0Sxz\'',
80 error   errno: -13,
80 error   code: 'EACCES',
80 error   path: '/home/amit/tmp/npm-7255-T_8G0Sxz' }
81 error Please try running this command again as root/Administrator.
82 error System Linux 3.0.0-32-generic
83 error command "/usr/local/bin/node" "/usr/local/bin/npm" "install" "grunt-karma" "karma-ng-html2js-preprocessor" "karma-ng-scenario" "--save-dev"
84 error cwd /var/www/angulardemofirst/bootstrapping
85 error node -v v0.11.10-pre
86 error npm -v 1.3.15
87 error path /home/amit/tmp/npm-7255-T_8G0Sxz
88 error code EACCES
89 error errno -13
90 error stack Error: EACCES, mkdir '/home/amit/tmp/npm-7255-T_8G0Sxz'
91 verbose exit [ -13, true ]
